0 info it worked if it ends with ok
1 verbose cli [
1 verbose cli   'C:\\Program Files\\nodejs\\node.exe',
1 verbose cli   'C:\\Program Files\\nodejs\\node_modules\\npm\\bin\\npm-cli.js',
1 verbose cli   'start'
1 verbose cli ]
2 info using npm@6.14.15
3 info using node@v14.17.6
4 verbose run-script [ 'prestart', 'start', 'poststart' ]
5 info lifecycle shiroworks@0.1.0~prestart: shiroworks@0.1.0
6 info lifecycle shiroworks@0.1.0~start: shiroworks@0.1.0
7 verbose lifecycle shiroworks@0.1.0~start: unsafe-perm in lifecycle true
8 verbose lifecycle shiroworks@0.1.0~start: PATH: C:\Program Files\nodejs\node_modules\npm\node_modules\npm-lifecycle\node-gyp-bin;D:\ShiroWorks\devfolioeng\node_modules\.bin;C:\Users\Shiro\bin;D:\Games\Git\mingw64\bin;D:\Games\Git\usr\local\bin;D:\Games\Git\usr\bin;D:\Games\Git\usr\bin;D:\Games\Git\mingw64\bin;D:\Games\Git\usr\bin;C:\Users\Shiro\bin;C:\Program Files (x86)\NVIDIA Corporation\PhysX\Common;C:\Program Files (x86)\Razer Chroma SDK\bin;C:\Program Files\Razer Chroma SDK\bin;C:\ProgramData\Oracle\Java\javapath;C:\Windows\system32;C:\Windows;C:\Windows\System32\Wbem;C:\Windows\System32\WindowsPowerShell\v1.0;C:\Users\Shiro\AppData\Local\Microsoft\WindowsApps;D:\Games\Skype\Phone;C:\WINDOWS\system32;C:\WINDOWS;C:\WINDOWS\System32\Wbem;C:\WINDOWS\System32\WindowsPowerShell\v1.0;C:\Program Files\dotnet;C:\Program Files\Microsoft SQL Server\130\Tools\Binn;D:\Games\Git\cmd;D:\Games\Git\mingw64\bin;D:\Games\Git\usr\bin;D:\Games\Microsoft VS Code\bin;C:\WINDOWS\System32\OpenSSH;C:\ProgramData\chocolatey\bin;C:\tools\php72;C:\Users\Shiro\AppData\Roaming\Composer\vendor\bin;C:\Program Files (x86)\Yarn\bin;D:\Games\Cygwin64\bin;D:\Games\Cygwin64\bin\mintty.exe \usr\bin\zsh -;D:\Games\PostgreSQL\bin;C:\ProgramData\ComposerSetup\bin;D:\Games\nvm;C:\Program Files\nodejs;C:\Program Files\nodejs;C:\Program Files\GitHub CLI;D:\Games\Ruby24-x64\bin;C:\Users\Shiro\AppData\Local\Microsoft\WindowsApps;C:\Users\Shiro\AppData\Local\atom\bin;C:\Users\Shiro\AppData\Local\Microsoft\WindowsApps;D:\Games\Microsoft VS Code\bin;C:\Users\Shiro\AppData\Local\Programs\Microsoft VS Code\bin;C:\tools\mysql\current\bin;C:\Users\Shiro\AppData\Roaming\Composer\vendor\bin;C:\Users\Shiro\AppData\Local\Yarn\bin;D:\Games\heroku\bin;D:\Games\nvm;C:\Program Files\nodejs;C:\Users\Shiro\AppData\Roaming\npm;D:\Games\Git\usr\bin\vendor_perl;D:\Games\Git\usr\bin\core_perl
9 verbose lifecycle shiroworks@0.1.0~start: CWD: D:\ShiroWorks\devfolioeng
10 silly lifecycle shiroworks@0.1.0~start: Args: [ '/d /s /c', 'react-scripts start' ]
11 silly lifecycle shiroworks@0.1.0~start: Returned: code: 1  signal: null
12 info lifecycle shiroworks@0.1.0~start: Failed to exec start script
13 verbose stack Error: shiroworks@0.1.0 start: `react-scripts start`
13 verbose stack Exit status 1
13 verbose stack     at EventEmitter.<anonymous> (C:\Program Files\nodejs\node_modules\npm\node_modules\npm-lifecycle\index.js:332:16)
13 verbose stack     at EventEmitter.emit (events.js:400:28)
13 verbose stack     at ChildProcess.<anonymous> (C:\Program Files\nodejs\node_modules\npm\node_modules\npm-lifecycle\lib\spawn.js:55:14)
13 verbose stack     at ChildProcess.emit (events.js:400:28)
13 verbose stack     at maybeClose (internal/child_process.js:1055:16)
13 verbose stack     at Process.ChildProcess._handle.onexit (internal/child_process.js:288:5)
14 verbose pkgid shiroworks@0.1.0
15 verbose cwd D:\ShiroWorks\devfolioeng
16 verbose Windows_NT 10.0.18363
17 verbose argv "C:\\Program Files\\nodejs\\node.exe" "C:\\Program Files\\nodejs\\node_modules\\npm\\bin\\npm-cli.js" "start"
18 verbose node v14.17.6
19 verbose npm  v6.14.15
20 error code ELIFECYCLE
21 error errno 1
22 error shiroworks@0.1.0 start: `react-scripts start`
22 error Exit status 1
23 error Failed at the shiroworks@0.1.0 start script.
23 error This is probably not a problem with npm. There is likely additional logging output above.
24 verbose exit [ 1, true ]
